<?xml version="1.0" encoding="UTF-8"?>
<testng-results ignored="0" total="2" passed="2" failed="0" skipped="0">
  <reporter-output>
  </reporter-output>
  <suite started-at="2024-05-26T23:55:50 IST" name="Default suite" finished-at="2024-05-26T23:55:57 IST" duration-ms="7161">
    <groups>
      <group name="cucumber">
        <method signature="AbstractTestNGCucumberTests.runScenario(io.cucumber.testng.PickleWrapper,io.cucumber.testng.FeatureWrapper)[pri:0, instance:Runner.careSupremeRunner@28dcca0c]" name="runScenario" class="io.cucumber.testng.AbstractTestNGCucumberTests"/>
      </group> <!-- cucumber -->
    </groups>
    <test started-at="2024-05-26T23:55:50 IST" name="Default test" finished-at="2024-05-26T23:55:57 IST" duration-ms="7161">
      <class name="Runner.careSupremeRunner">
        <test-method is-config="true" signature="setUpClass(org.testng.ITestContext)[pri:0, instance:Runner.careSupremeRunner@28dcca0c]" started-at="2024-05-26T23:55:50 IST" name="setUpClass" finished-at="2024-05-26T23:55:50 IST" duration-ms="405" status="PASS">
          <params>
            <param index="0">
              <value>
                <![CDATA[org.testng.TestRunner@4976085]]>
              </value>
            </param>
          </params>
          <reporter-output>
          </reporter-output>
        </test-method> <!-- setUpClass -->
        <test-method signature="runScenario(io.cucumber.testng.PickleWrapper,io.cucumber.testng.FeatureWrapper)[pri:0, instance:Runner.careSupremeRunner@28dcca0c]" started-at="2024-05-26T23:55:50 IST" name="runScenario" description="Runs Cucumber Scenarios" data-provider="scenarios" finished-at="2024-05-26T23:55:54 IST" duration-ms="3538" status="PASS">
          <params>
            <param index="0">
              <value>
                <![CDATA["Valid Page Title scenerio"]]>
              </value>
            </param>
            <param index="1">
              <value>
                <![CDATA["Mobile number verification"]]>
              </value>
            </param>
          </params>
          <reporter-output>
          </reporter-output>
        </test-method> <!-- runScenario -->
        <test-method signature="runScenario(io.cucumber.testng.PickleWrapper,io.cucumber.testng.FeatureWrapper)[pri:0, instance:Runner.careSupremeRunner@28dcca0c]" started-at="2024-05-26T23:55:54 IST" name="runScenario" description="Runs Cucumber Scenarios" data-provider="scenarios" finished-at="2024-05-26T23:55:57 IST" duration-ms="3155" status="PASS">
          <params>
            <param index="0">
              <value>
                <![CDATA["Valid Mobile number scenerio"]]>
              </value>
            </param>
            <param index="1">
              <value>
                <![CDATA["Mobile number verification"]]>
              </value>
            </param>
          </params>
          <reporter-output>
          </reporter-output>
        </test-method> <!-- runScenario -->
        <test-method is-config="true" signature="tearDownClass()[pri:0, instance:Runner.careSupremeRunner@28dcca0c]" started-at="2024-05-26T23:55:57 IST" name="tearDownClass" finished-at="2024-05-26T23:55:57 IST" duration-ms="27" status="PASS">
          <reporter-output>
          </reporter-output>
        </test-method> <!-- tearDownClass -->
      </class> <!-- Runner.careSupremeRunner -->
    </test> <!-- Default test -->
  </suite> <!-- Default suite -->
</testng-results>
